0 info it worked if it ends with ok
1 verbose cli [ '/usr/local/bin/node',
1 verbose cli   '/usr/local/bin/npm',
1 verbose cli   'install',
1 verbose cli   'jquery-ui@1.11.4',
1 verbose cli   '--save' ]
2 info using npm@2.7.4
3 info using node@v0.12.2
4 warn package.json viewer@0.0.1 No repository field.
5 silly cache add args [ 'jquery-ui@1.11.4', null ]
6 verbose cache add spec jquery-ui@1.11.4
7 silly cache add parsed spec { raw: 'jquery-ui@1.11.4',
7 silly cache add   scope: null,
7 silly cache add   name: 'jquery-ui',
7 silly cache add   rawSpec: '1.11.4',
7 silly cache add   spec: '1.11.4',
7 silly cache add   type: 'version' }
8 verbose addNamed jquery-ui@1.11.4
9 silly addNamed semver.valid 1.11.4
10 silly addNamed semver.validRange 1.11.4
11 silly mapToRegistry name jquery-ui
12 silly mapToRegistry using default registry
13 silly mapToRegistry registry https://registry.npmjs.org/
14 silly mapToRegistry uri https://registry.npmjs.org/jquery-ui
15 verbose addNameVersion registry:https://registry.npmjs.org/jquery-ui not in flight; fetching
16 verbose request uri https://registry.npmjs.org/jquery-ui
17 verbose request no auth needed
18 info attempt registry request try #1 at 17:55:28
19 verbose request id f81109a9abe3afeb
20 verbose etag "E0NBIXCAVEQMN89JEZI964XH0"
21 http request GET https://registry.npmjs.org/jquery-ui
22 http 304 https://registry.npmjs.org/jquery-ui
23 silly get cb [ 304,
23 silly get   { date: 'Tue, 25 Aug 2015 08:55:32 GMT',
23 silly get     via: '1.1 varnish',
23 silly get     'cache-control': 'max-age=60',
23 silly get     etag: '"E0NBIXCAVEQMN89JEZI964XH0"',
23 silly get     age: '41',
23 silly get     connection: 'keep-alive',
23 silly get     'x-served-by': 'cache-nrt6129-NRT',
23 silly get     'x-cache': 'HIT',
23 silly get     'x-cache-hits': '1',
23 silly get     'x-timer': 'S1440492932.103068,VS0,VE0',
23 silly get     vary: 'Accept' } ]
24 verbose etag https://registry.npmjs.org/jquery-ui from cache
25 verbose get saving jquery-ui to /Users/pdw/.npm/registry.npmjs.org/jquery-ui/.cache.json
26 verbose stack Error: version not found: jquery-ui@1.11.4
26 verbose stack     at setData (/usr/local/lib/node_modules/npm/lib/cache/add-named.js:122:12)
26 verbose stack     at RES (/usr/local/lib/node_modules/npm/node_modules/inflight/inflight.js:23:14)
26 verbose stack     at f (/usr/local/lib/node_modules/npm/node_modules/once/once.js:17:25)
26 verbose stack     at saved (/usr/local/lib/node_modules/npm/lib/cache/caching-client.js:173:7)
26 verbose stack     at FSReqWrap.oncomplete (fs.js:95:15)
27 verbose statusCode 404
28 verbose cwd /Users/pdw/Documents/workspace/viewer
29 error Darwin 14.3.0
30 error argv "/usr/local/bin/node" "/usr/local/bin/npm" "install" "jquery-ui@1.11.4" "--save"
31 error node v0.12.2
32 error npm  v2.7.4
33 error version not found: jquery-ui@1.11.4
34 error If you need help, you may report this error at:
34 error     <https://github.com/npm/npm/issues>
35 verbose exit [ 1, true ]
